<?xml version="1.0" encoding="UTF-8"?>
<testsuite name="Verificar el correcto funcionamiento del formulario de registro" tests="1" skipped="0" failures="0" errors="0" timestamp="2022-03-12T21:38:42" hostname="CHMEP9PG5RF3" time="22.061">
  <properties/>
  <testcase name="Verificar el formulario de registro exitoso" classname="Verificar el correcto funcionamiento del formulario de registro" time="22.061"/>
  <system-out><![CDATA[]]></system-out>
  <system-err><![CDATA[mar 12, 2022 4:38:43 PM org.openqa.selenium.remote.DesiredCapabilities chrome
INFORMACIÓN: Using `new ChromeOptions()` is preferred to `DesiredCapabilities.chrome()`
Starting ChromeDriver 99.0.4844.51 (d537ec02474b5afe23684e7963d538896c63ac77-refs/branch-heads/4844@{#875}) on port 38234
Only local connections are allowed.
Please see https://chromedriver.chromium.org/security-considerations for suggestions on keeping ChromeDriver safe.
ChromeDriver was started successfully.
mar 12, 2022 4:38:44 PM org.openqa.selenium.remote.ProtocolHandshake createSession
INFORMACIÓN: Detected dialect: W3C
[Test worker] INFO net.serenitybdd.core.Serenity - 
        __    _____ _____ ____ _____   ____   _    ____  ____  _____ ____  
  _     \ \  |_   _| ____/ ___|_   _| |  _ \ / \  / ___|/ ___|| ____|  _ \ 
 (_)_____| |   | | |  _| \___ \ | |   | |_) / _ \ \___ \\___ \|  _| | | | |
  _|_____| |   | | | |___ ___) || |   |  __/ ___ \ ___) |___) | |___| |_| |
 (_)     | |   |_| |_____|____/ |_|   |_| /_/   \_\____/|____/|_____|____/ 
        /_/                                                                

TEST PASSED: Verificar el formulario de registro exitoso
----------------------------------------------------------------------------
]]></system-err>
</testsuite>
